<?xml version="1.0" encoding="UTF-8"?>
<testsuite xmlns:xsi="http://www.w3.org/2001/XMLSchema-instance" xsi:schemaLocation="https://maven.apache.org/surefire/maven-surefire-plugin/xsd/surefire-test-report.xsd" name="CucumberTestSuite" time="31.755" tests="7" errors="0" skipped="0" failures="0">
  <properties>
    <property name="java.runtime.name" value="Java(TM) SE Runtime Environment"/>
    <property name="java.vm.version" value="19.0.2+7-44"/>
    <property name="sun.boot.library.path" value="C:\Program Files\Java\jdk-19\bin"/>
    <property name="maven.multiModuleProjectDirectory" value="C:\Users\Admin\IdeaProjects\miniproject-mobile"/>
    <property name="java.vm.vendor" value="Oracle Corporation"/>
    <property name="java.vendor.url" value="https://java.oracle.com/"/>
    <property name="guice.disable.misplaced.annotation.check" value="true"/>
    <property name="path.separator" value=";"/>
    <property name="java.vm.name" value="Java HotSpot(TM) 64-Bit Server VM"/>
    <property name="sun.os.patch.level" value=""/>
    <property name="user.script" value=""/>
    <property name="user.country" value="US"/>
    <property name="sun.java.launcher" value="SUN_STANDARD"/>
    <property name="java.vm.specification.name" value="Java Virtual Machine Specification"/>
    <property name="user.dir" value="C:\Users\Admin\IdeaProjects\miniproject-mobile"/>
    <property name="java.vm.compressedOopsMode" value="Zero based"/>
    <property name="java.runtime.version" value="19.0.2+7-44"/>
    <property name="os.arch" value="amd64"/>
    <property name="java.io.tmpdir" value="C:\Users\Admin\AppData\Local\Temp\"/>
    <property name="line.separator" value="&#10;"/>
    <property name="java.vm.specification.vendor" value="Oracle Corporation"/>
    <property name="user.variant" value=""/>
    <property name="stderr.encoding" value="cp437"/>
    <property name="os.name" value="Windows 11"/>
    <property name="classworlds.conf" value="C:\Program Files\apache-maven-3.9.1\bin\m2.conf"/>
    <property name="sun.jnu.encoding" value="Cp1252"/>
    <property name="stdout.encoding" value="cp437"/>
    <property name="java.library.path" value="C:\Program Files\Java\jdk-19\bin;C:\Windows\Sun\Java\bin;C:\Windows\system32;C:\Windows;C:\Program Files\Common Files\Oracle\Java\javapath;C:\Program Files (x86)\Common Files\Oracle\Java\javapath;C:\Windows\system32;C:\Windows;C:\Windows\System32\Wbem;C:\Windows\System32\WindowsPowerShell\v1.0\;C:\Windows\System32\OpenSSH\;C:\Program Files\Git\cmd;C:\Program Files\apache-maven-3.9.1\bin;C:\Program Files\Java\jdk-19\bin;C:\Program Files\nodejs\;C:\platform-tools;C:\Users\Admin\Documents\xray_windows_amd64.exe;C:\Users\Admin\AppData\Local\Programs\Python\Python311\;C:\Users\Admin\AppData\Local\Microsoft\WindowsApps;C:\Users\Admin\AppData\Local\GitHubDesktop\bin;C:\Users\Admin\AppData\Local\Programs\Microsoft VS Code\bin;C:\Users\Admin\AppData\Roaming\npm;."/>
    <property name="maven.conf" value="C:\Program Files\apache-maven-3.9.1/conf"/>
    <property name="jdk.debug" value="release"/>
    <property name="java.class.version" value="63.0"/>
    <property name="java.specification.name" value="Java Platform API Specification"/>
    <property name="sun.management.compiler" value="HotSpot 64-Bit Tiered Compilers"/>
    <property name="os.version" value="10.0"/>
    <property name="library.jansi.path" value="C:\Program Files\apache-maven-3.9.1\lib\jansi-native"/>
    <property name="user.home" value="C:\Users\Admin"/>
    <property name="tags" value="@register-gagal"/>
    <property name="user.timezone" value="Asia/Jakarta"/>
    <property name="file.encoding" value="UTF-8"/>
    <property name="java.specification.version" value="19"/>
    <property name="user.name" value="Admin"/>
    <property name="java.class.path" value="C:\Program Files\apache-maven-3.9.1\boot\plexus-classworlds-2.6.0.jar"/>
    <property name="java.vm.specification.version" value="19"/>
    <property name="sun.arch.data.model" value="64"/>
    <property name="sun.java.command" value="org.codehaus.plexus.classworlds.launcher.Launcher clean verify -Dtags=@register-gagal"/>
    <property name="java.home" value="C:\Program Files\Java\jdk-19"/>
    <property name="user.language" value="en"/>
    <property name="java.specification.vendor" value="Oracle Corporation"/>
    <property name="java.vm.info" value="mixed mode, sharing"/>
    <property name="java.version" value="19.0.2"/>
    <property name="native.encoding" value="Cp1252"/>
    <property name="java.vendor" value="Oracle Corporation"/>
    <property name="maven.home" value="C:\Program Files\apache-maven-3.9.1"/>
    <property name="file.separator" value="\"/>
    <property name="java.version.date" value="2023-01-17"/>
    <property name="java.vendor.url.bug" value="https://bugreport.java.com/bugreport/"/>
    <property name="sun.io.unicode.encoding" value="UnicodeLittle"/>
    <property name="sun.cpu.endian" value="little"/>
    <property name="sun.cpu.isalist" value="amd64"/>
  </properties>
  <testcase name="new user on the home page" classname="As a new user, i have be able to create new account using existing account" time="12.391"/>
  <testcase name="new user click login page" classname="As a new user, i have be able to create new account using existing account" time="0.127"/>
  <testcase name="login page" classname="As a new user, i have be able to create new account using existing account" time="11.877"/>
  <testcase name="user click register link" classname="As a new user, i have be able to create new account using existing account" time="1.034"/>
  <testcase name="user click register button" classname="As a new user, i have be able to create new account using existing account" time="1.649"/>
  <testcase name="user get error message &quot;Gagal :(&quot;" classname="As a new user, i have be able to create new account using existing account" time="1.171"/>
  <testcase name="As a new user, i have be able to create new account using existing account" classname="As a new user, i have be able to create new account using existing account" time="1.185"/>
</testsuite>